2024-07-30 23:10:00,349 ERROR scheduler Skipped queueing frappe.automation.doctype.reminder.reminder.send_reminders because it was found in queue for mysite
2024-07-30 23:10:00,367 ERROR scheduler Skipped queueing frappe.model.utils.user_settings.sync_user_settings because it was found in queue for mysite
2024-07-30 23:10:00,397 ERROR scheduler Skipped queueing frappe.deferred_insert.save_to_db because it was found in queue for mysite
2024-07-30 23:10:00,403 ERROR scheduler Skipped queueing frappe.email.doctype.email_account.email_account.pull because it was found in queue for mysite
2024-07-30 23:10:00,414 ERROR scheduler Skipped queueing frappe.integrations.doctype.google_calendar.google_calendar.sync because it was found in queue for mysite
2024-07-30 23:10:00,438 ERROR scheduler Skipped queueing frappe.twofactor.delete_all_barcodes_for_users because it was found in queue for mysite
2024-07-30 23:10:00,459 ERROR scheduler Skipped queueing frappe.monitor.flush because it was found in queue for mysite
2024-07-30 23:10:00,478 ERROR scheduler Skipped queueing frappe.website.doctype.web_page.web_page.check_publish_status because it was found in queue for mysite
2024-08-02 09:38:00,118 ERROR scheduler Skipped queueing frappe.integrations.doctype.dropbox_settings.dropbox_settings.take_backups_daily because it was found in queue for mysite
2024-08-02 09:38:00,121 ERROR scheduler Skipped queueing frappe.utils.global_search.sync_global_search because it was found in queue for mysite
2024-08-02 09:38:00,123 ERROR scheduler Skipped queueing frappe.core.doctype.log_settings.log_settings.run_log_clean_up because it was found in queue for mysite
2024-08-02 09:38:00,124 ERROR scheduler Skipped queueing frappe.model.utils.link_count.update_link_count because it was found in queue for mysite
2024-08-02 09:38:00,127 ERROR scheduler Skipped queueing frappe.integrations.doctype.google_drive.google_drive.daily_backup because it was found in queue for mysite
2024-08-02 09:38:00,129 ERROR scheduler Skipped queueing frappe.integrations.doctype.s3_backup_settings.s3_backup_settings.take_backups_daily because it was found in queue for mysite
2024-08-02 09:38:00,144 ERROR scheduler Skipped queueing frappe.email.doctype.notification.notification.trigger_daily_alerts because it was found in queue for mysite
2024-08-02 09:38:00,153 ERROR scheduler Skipped queueing frappe.email.doctype.auto_email_report.auto_email_report.send_daily because it was found in queue for mysite
2024-08-07 20:02:00,985 ERROR scheduler Skipped queueing frappe.model.utils.link_count.update_link_count because it was found in queue for mysite
2024-08-07 20:02:01,034 ERROR scheduler Skipped queueing frappe.email.doctype.newsletter.newsletter.send_scheduled_email because it was found in queue for mysite
2024-08-07 20:02:01,057 ERROR scheduler Skipped queueing frappe.website.doctype.web_page.web_page.check_publish_status because it was found in queue for mysite
2024-08-09 15:34:00,954 ERROR scheduler Skipped queueing frappe.utils.global_search.sync_global_search because it was found in queue for mysite
2024-08-09 15:34:00,962 ERROR scheduler Skipped queueing frappe.twofactor.delete_all_barcodes_for_users because it was found in queue for mysite
2024-08-09 15:34:00,977 ERROR scheduler Skipped queueing frappe.model.utils.link_count.update_link_count because it was found in queue for mysite
2024-08-09 15:34:00,985 ERROR scheduler Skipped queueing frappe.monitor.flush because it was found in queue for mysite
2024-08-09 15:34:00,997 ERROR scheduler Skipped queueing frappe.email.queue.flush because it was found in queue for mysite
2024-08-09 15:34:01,001 ERROR scheduler Skipped queueing frappe.email.doctype.email_account.email_account.notify_unreplied because it was found in queue for mysite
2024-08-09 15:34:01,010 ERROR scheduler Skipped queueing frappe.integrations.doctype.google_calendar.google_calendar.sync because it was found in queue for mysite
2024-09-04 17:54:00,230 ERROR scheduler Skipped queueing frappe.website.doctype.web_page.web_page.check_publish_status because it was found in queue for mysite
2024-09-04 17:54:00,319 ERROR scheduler Skipped queueing frappe.deferred_insert.save_to_db because it was found in queue for mysite
2024-09-04 17:54:00,344 ERROR scheduler Skipped queueing frappe.email.doctype.email_account.email_account.pull because it was found in queue for mysite
2024-09-04 17:54:00,353 ERROR scheduler Skipped queueing frappe.monitor.flush because it was found in queue for mysite
2024-09-06 09:42:03,451 ERROR scheduler Skipped queueing frappe.integrations.doctype.dropbox_settings.dropbox_settings.take_backups_daily because it was found in queue for mysite
2024-09-15 16:38:01,193 ERROR scheduler Skipped queueing frappe.integrations.doctype.google_drive.google_drive.weekly_backup because it was found in queue for mysite
2024-09-15 16:38:01,202 ERROR scheduler Skipped queueing frappe.integrations.doctype.dropbox_settings.dropbox_settings.take_backups_weekly because it was found in queue for mysite
2024-09-15 16:38:01,205 ERROR scheduler Skipped queueing frappe.integrations.doctype.s3_backup_settings.s3_backup_settings.take_backups_weekly because it was found in queue for mysite
2024-09-15 16:38:01,208 ERROR scheduler Skipped queueing frappe.desk.form.document_follow.send_weekly_updates because it was found in queue for mysite
2024-09-15 16:38:01,217 ERROR scheduler Skipped queueing frappe.utils.change_log.check_for_update because it was found in queue for mysite
2024-09-15 16:38:01,225 ERROR scheduler Skipped queueing frappe.email.doctype.auto_email_report.auto_email_report.send_daily because it was found in queue for mysite
2024-09-15 16:38:01,231 ERROR scheduler Skipped queueing frappe.integrations.doctype.dropbox_settings.dropbox_settings.take_backups_daily because it was found in queue for mysite
2024-09-15 16:38:01,252 ERROR scheduler Skipped queueing frappe.desk.doctype.changelog_feed.changelog_feed.fetch_changelog_feed because it was found in queue for mysite
2024-09-15 16:38:01,260 ERROR scheduler Skipped queueing frappe.social.doctype.energy_point_log.energy_point_log.send_weekly_summary because it was found in queue for mysite
2024-09-15 16:38:01,266 ERROR scheduler Skipped queueing frappe.integrations.doctype.s3_backup_settings.s3_backup_settings.take_backups_daily because it was found in queue for mysite
2024-09-15 16:38:01,272 ERROR scheduler Skipped queueing frappe.integrations.doctype.google_drive.google_drive.daily_backup because it was found in queue for mysite
2024-09-16 11:06:00,550 ERROR scheduler Skipped queueing frappe.integrations.doctype.dropbox_settings.dropbox_settings.take_backups_daily because it was found in queue for mysite
2024-09-16 11:06:00,582 ERROR scheduler Skipped queueing frappe.integrations.doctype.google_drive.google_drive.daily_backup because it was found in queue for mysite
2024-09-16 11:06:00,607 ERROR scheduler Skipped queueing frappe.integrations.doctype.s3_backup_settings.s3_backup_settings.take_backups_daily because it was found in queue for mysite
2024-09-16 11:06:00,609 ERROR scheduler Skipped queueing frappe.email.doctype.auto_email_report.auto_email_report.send_daily because it was found in queue for mysite
2024-09-20 09:50:00,139 ERROR scheduler Skipped queueing frappe.integrations.doctype.s3_backup_settings.s3_backup_settings.take_backups_daily because it was found in queue for mysite
2024-09-20 09:50:00,147 ERROR scheduler Skipped queueing frappe.integrations.doctype.dropbox_settings.dropbox_settings.take_backups_daily because it was found in queue for mysite
2024-09-20 09:50:00,159 ERROR scheduler Skipped queueing frappe.integrations.doctype.google_drive.google_drive.daily_backup because it was found in queue for mysite
2024-09-20 09:50:00,173 ERROR scheduler Skipped queueing frappe.email.doctype.auto_email_report.auto_email_report.send_daily because it was found in queue for mysite
2024-09-20 22:38:00,273 ERROR scheduler Skipped queueing frappe.monitor.flush because it was found in queue for mysite
2024-09-20 22:38:00,309 ERROR scheduler Skipped queueing frappe.automation.doctype.reminder.reminder.send_reminders because it was found in queue for mysite
2024-09-21 12:30:00,426 ERROR scheduler Skipped queueing frappe.oauth.delete_oauth2_data because it was found in queue for mysite
2024-09-21 12:30:00,565 ERROR scheduler Skipped queueing frappe.integrations.doctype.google_calendar.google_calendar.sync because it was found in queue for mysite
2024-09-21 18:54:00,494 ERROR scheduler Skipped queueing frappe.twofactor.delete_all_barcodes_for_users because it was found in queue for mysite
2024-09-21 18:54:00,504 ERROR scheduler Skipped queueing frappe.email.doctype.email_account.email_account.pull because it was found in queue for mysite
2024-09-21 18:54:00,519 ERROR scheduler Skipped queueing frappe.website.doctype.personal_data_deletion_request.personal_data_deletion_request.process_data_deletion_request because it was found in queue for mysite
2024-09-21 18:54:00,522 ERROR scheduler Skipped queueing frappe.utils.global_search.sync_global_search because it was found in queue for mysite
2024-09-21 18:54:00,549 ERROR scheduler Skipped queueing frappe.model.utils.user_settings.sync_user_settings because it was found in queue for mysite
2024-09-21 18:54:00,556 ERROR scheduler Skipped queueing frappe.integrations.doctype.google_calendar.google_calendar.sync because it was found in queue for mysite
2024-09-21 18:54:00,559 ERROR scheduler Skipped queueing frappe.deferred_insert.save_to_db because it was found in queue for mysite
2024-09-21 18:54:00,566 ERROR scheduler Skipped queueing frappe.email.doctype.newsletter.newsletter.send_scheduled_email because it was found in queue for mysite
2024-09-21 18:54:00,569 ERROR scheduler Skipped queueing frappe.email.queue.flush because it was found in queue for mysite
2024-09-21 18:54:00,572 ERROR scheduler Skipped queueing frappe.desk.form.document_follow.send_hourly_updates because it was found in queue for mysite
2024-09-21 18:54:00,577 ERROR scheduler Skipped queueing frappe.core.doctype.prepared_report.prepared_report.expire_stalled_report because it was found in queue for mysite
2024-09-21 18:54:00,580 ERROR scheduler Skipped queueing frappe.oauth.delete_oauth2_data because it was found in queue for mysite
2024-09-21 18:54:00,583 ERROR scheduler Skipped queueing frappe.email.doctype.email_account.email_account.notify_unreplied because it was found in queue for mysite
2024-09-21 18:54:00,592 ERROR scheduler Skipped queueing frappe.model.utils.link_count.update_link_count because it was found in queue for mysite
2024-09-23 09:26:01,053 ERROR scheduler Skipped queueing frappe.email.queue.flush because it was found in queue for mysite
2024-09-23 09:26:01,063 ERROR scheduler Skipped queueing frappe.automation.doctype.reminder.reminder.send_reminders because it was found in queue for mysite
2024-10-04 14:50:00,648 ERROR scheduler Skipped queueing frappe.email.doctype.email_account.email_account.notify_unreplied because it was found in queue for mysite
2024-10-04 14:50:00,722 ERROR scheduler Skipped queueing frappe.email.queue.flush because it was found in queue for mysite
2024-10-04 14:50:00,728 ERROR scheduler Skipped queueing frappe.core.doctype.prepared_report.prepared_report.expire_stalled_report because it was found in queue for mysite
2024-10-04 14:50:00,865 ERROR scheduler Skipped queueing frappe.website.doctype.web_page.web_page.check_publish_status because it was found in queue for mysite
2024-10-04 14:50:00,917 ERROR scheduler Skipped queueing frappe.monitor.flush because it was found in queue for mysite
